<?xml version="1.0" encoding="UTF-8"?>
<!-- Generated by org.testng.reporters.JUnitReportReporter -->
<testsuite hostname="DESKTOP-5903S8A" failures="0" tests="1" name="com.inetbanking.testCases.TC_NewAccountPage_006" time="29.258" errors="0" timestamp="2023-09-09T02:43:06 BDT" skipped="0">
  <testcase classname="com.inetbanking.testCases.TC_NewAccountPage_006" name="newAccount" time="29.258"/>
</testsuite> <!-- com.inetbanking.testCases.TC_NewAccountPage_006 -->
