<?xml version="1.0" encoding="UTF-8"?>
<!-- Generated by org.testng.reporters.JUnitReportReporter -->
<testsuite hostname="DESKTOP-5903S8A" failures="0" tests="1" name="com.inetbanking.testCases.TC_TestLogin_001" time="3.453" errors="0" timestamp="2023-08-15T13:27:31 BDT" skipped="0">
  <testcase classname="com.inetbanking.testCases.TC_TestLogin_001" name="TestLogin" time="3.453"/>
</testsuite> <!-- com.inetbanking.testCases.TC_TestLogin_001 -->
