<?xml version="1.0" encoding="UTF-8"?>
<!-- Generated by org.testng.reporters.JUnitReportReporter -->
<testsuite hostname="DESKTOP-5903S8A" failures="0" tests="1" name="com.inetbanking.testCases.TC_MiniStatementTest_013" time="28.038" errors="0" timestamp="2023-09-10T18:13:58 BDT" skipped="0">
  <testcase classname="com.inetbanking.testCases.TC_MiniStatementTest_013" name="miniStateMent" time="28.038"/>
</testsuite> <!-- com.inetbanking.testCases.TC_MiniStatementTest_013 -->
