<?xml version="1.0" encoding="UTF-8"?>
<!-- Generated by org.testng.reporters.JUnitReportReporter -->
<testsuite hostname="DESKTOP-5903S8A" failures="0" tests="1" name="com.inetbanking.testCases.TC_BalanceEnquiryTest_012" time="27.362" errors="0" timestamp="2023-09-10T18:13:58 BDT" skipped="0">
  <testcase classname="com.inetbanking.testCases.TC_BalanceEnquiryTest_012" name="balanceEnquiry" time="27.362"/>
</testsuite> <!-- com.inetbanking.testCases.TC_BalanceEnquiryTest_012 -->
