<?xml version="1.0" encoding="UTF-8"?>
<!-- Generated by org.testng.reporters.JUnitReportReporter -->
<testsuite hostname="DESKTOP-5903S8A" failures="0" tests="1" name="com.inetbanking.testCases.TC_CustomizedStatementTest_014" time="42.902" errors="0" timestamp="2023-09-10T18:13:58 BDT" skipped="0">
  <testcase classname="com.inetbanking.testCases.TC_CustomizedStatementTest_014" name="customStatement" time="42.902"/>
</testsuite> <!-- com.inetbanking.testCases.TC_CustomizedStatementTest_014 -->
