<?xml version="1.0" encoding="UTF-8"?>
<!-- Generated by org.testng.reporters.JUnitReportReporter -->
<testsuite hostname="DESKTOP-5903S8A" failures="0" tests="1" name="com.inetbanking.testCases.TC_TestLogin_001" time="2.416" errors="0" timestamp="2023-07-24T01:10:51 BDT" skipped="0">
  <testcase classname="com.inetbanking.testCases.TC_TestLogin_001" name="TestLogin" time="2.416"/>
</testsuite> <!-- com.inetbanking.testCases.TC_TestLogin_001 -->
